--------------------------------------------------------------------------------
Release 14.7 Trace  (nt64)
Copyright (c) 1995-2013 Xilinx, Inc.  All rights reserved.

C:\Xilinx\14.7\ISE_DS\ISE\bin\nt64\unwrapped\trce.exe -intstyle ise -v 3 -s 3
-n 3 -fastpaths -xml ram_16x8.twx ram_16x8.ncd -o ram_16x8.twr ram_16x8.pcf
-ucf ram_16x8.ucf

Design file:              ram_16x8.ncd
Physical constraint file: ram_16x8.pcf
Device,package,speed:     xc6slx16,csg324,C,-3 (PRODUCTION 1.23 2013-10-13)
Report level:             verbose report

Environment Variable      Effect 
--------------------      ------ 
NONE                      No environment variables were set
--------------------------------------------------------------------------------

INFO:Timing:2698 - No timing constraints found, doing default enumeration.
INFO:Timing:3412 - To improve timing, see the Timing Closure User Guide (UG612).
INFO:Timing:2752 - To get complete path coverage, use the unconstrained paths 
   option. All paths that are not constrained will be reported in the 
   unconstrained paths section(s) of the report.
INFO:Timing:3339 - The clock-to-out numbers in this timing report are based on 
   a 50 Ohm transmission line loading model.  For the details of this model, 
   and for more information on accounting for different loading conditions, 
   please see the device datasheet.



Data Sheet report:
-----------------
All values displayed in nanoseconds (ns)

Setup/Hold to clock clk
------------+------------+------------+------------+------------+------------------+--------+
            |Max Setup to|  Process   |Max Hold to |  Process   |                  | Clock  |
Source      | clk (edge) |   Corner   | clk (edge) |   Corner   |Internal Clock(s) | Phase  |
------------+------------+------------+------------+------------+------------------+--------+
clr         |    4.239(R)|      SLOW  |   -2.205(R)|      FAST  |clk_BUFGP         |   0.000|
wea         |    3.410(R)|      SLOW  |   -1.081(R)|      FAST  |clk_BUFGP         |   0.000|
------------+------------+------------+------------+------------+------------------+--------+

Clock clk to Pad
------------+-----------------+------------+-----------------+------------+------------------+--------+
            |Max (slowest) clk|  Process   |Min (fastest) clk|  Process   |                  | Clock  |
Destination |  (edge) to PAD  |   Corner   |  (edge) to PAD  |   Corner   |Internal Clock(s) | Phase  |
------------+-----------------+------------+-----------------+------------+------------------+--------+
a_to_g<0>   |        10.983(R)|      SLOW  |         4.832(R)|      FAST  |clk_BUFGP         |   0.000|
a_to_g<1>   |        11.027(R)|      SLOW  |         4.983(R)|      FAST  |clk_BUFGP         |   0.000|
a_to_g<2>   |        10.933(R)|      SLOW  |         4.893(R)|      FAST  |clk_BUFGP         |   0.000|
a_to_g<3>   |        10.915(R)|      SLOW  |         4.731(R)|      FAST  |clk_BUFGP         |   0.000|
a_to_g<4>   |        11.127(R)|      SLOW  |         4.864(R)|      FAST  |clk_BUFGP         |   0.000|
a_to_g<5>   |        10.688(R)|      SLOW  |         4.649(R)|      FAST  |clk_BUFGP         |   0.000|
a_to_g<6>   |        10.717(R)|      SLOW  |         4.501(R)|      FAST  |clk_BUFGP         |   0.000|
an<0>       |         8.342(R)|      SLOW  |         4.318(R)|      FAST  |clk_BUFGP         |   0.000|
an<1>       |         8.375(R)|      SLOW  |         4.334(R)|      FAST  |clk_BUFGP         |   0.000|
an<2>       |         8.041(R)|      SLOW  |         4.153(R)|      FAST  |clk_BUFGP         |   0.000|
an<3>       |         8.074(R)|      SLOW  |         4.169(R)|      FAST  |clk_BUFGP         |   0.000|
------------+-----------------+------------+-----------------+------------+------------------+--------+

Clock to Setup on destination clock clk
---------------+---------+---------+---------+---------+
               | Src:Rise| Src:Fall| Src:Rise| Src:Fall|
Source Clock   |Dest:Rise|Dest:Rise|Dest:Fall|Dest:Fall|
---------------+---------+---------+---------+---------+
clk            |    1.891|         |         |         |
---------------+---------+---------+---------+---------+


Analysis completed Sat Jun 11 17:03:45 2016 
--------------------------------------------------------------------------------

Trace Settings:
-------------------------
Trace Settings 

Peak Memory Usage: 223 MB



