Saved contents of this file to system_log.14.6 during revup to EDK 14.7.

Xilinx Platform Studio (XPS)
Xilinx EDK 14.7 Build EDK_P.20131013
Copyright (c) 1995-2012 Xilinx, Inc.  All rights reserved.

LED_8Bits has been deleted from the project
Writing filter settings....
Done writing filter settings to:
	C:\FPGA\20160606\etc\system.filters
Done writing Tab View settings to:
	C:\FPGA\20160606\etc\system.gui
Save project successfully
Writing filter settings....
Done writing filter settings to:
	C:\FPGA\20160606\etc\system.filters
Done writing Tab View settings to:
	C:\FPGA\20160606\etc\system.gui
Xilinx Platform Studio (XPS)
Xilinx EDK 14.7 Build EDK_P.20131013
Copyright (c) 1995-2012 Xilinx, Inc.  All rights reserved.

Writing filter settings....
Done writing filter settings to:
	C:\FPGA\20160606\etc\system.filters
Done writing Tab View settings to:
	C:\FPGA\20160606\etc\system.gui
