Release 14.7 - xst P.20131013 (nt64)
Copyright (c) 1995-2013 Xilinx, Inc.  All rights reserved.
--> Parameter TMPDIR set to xst/projnav.tmp


Total REAL time to Xst completion: 0.00 secs
Total CPU time to Xst completion: 0.09 secs
 
--> Parameter xsthdpdir set to xst


Total REAL time to Xst completion: 0.00 secs
Total CPU time to Xst completion: 0.09 secs
 
--> Reading design: vend.prj

TABLE OF CONTENTS
  1) Synthesis Options Summary
  2) HDL Parsing
  3) HDL Elaboration
  4) HDL Synthesis
       4.1) HDL Synthesis Report
  5) Advanced HDL Synthesis
       5.1) Advanced HDL Synthesis Report
  6) Low Level Synthesis
  7) Partition Report
  8) Design Summary
       8.1) Primitive and Black Box Usage
       8.2) Device utilization summary
       8.3) Partition Resource Summary
       8.4) Timing Report
            8.4.1) Clock Information
            8.4.2) Asynchronous Control Signals Information
            8.4.3) Timing Summary
            8.4.4) Timing Details
            8.4.5) Cross Clock Domains Report


=========================================================================
*                      Synthesis Options Summary                        *
=========================================================================
---- Source Parameters
Input File Name                    : "vend.prj"
Ignore Synthesis Constraint File   : NO

---- Target Parameters
Output File Name                   : "vend"
Output Format                      : NGC
Target Device                      : xc6slx16-3-csg324

---- Source Options
Top Module Name                    : vend
Automatic FSM Extraction           : YES
FSM Encoding Algorithm             : Auto
Safe Implementation                : No
FSM Style                          : LUT
RAM Extraction                     : Yes
RAM Style                          : Auto
ROM Extraction                     : Yes
Shift Register Extraction          : YES
ROM Style                          : Auto
Resource Sharing                   : YES
Asynchronous To Synchronous        : NO
Shift Register Minimum Size        : 2
Use DSP Block                      : Auto
Automatic Register Balancing       : No

---- Target Options
LUT Combining                      : Auto
Reduce Control Sets                : Auto
Add IO Buffers                     : YES
Global Maximum Fanout              : 100000
Add Generic Clock Buffer(BUFG)     : 16
Register Duplication               : YES
Optimize Instantiated Primitives   : NO
Use Clock Enable                   : Auto
Use Synchronous Set                : Auto
Use Synchronous Reset              : Auto
Pack IO Registers into IOBs        : Auto
Equivalent register Removal        : YES

---- General Options
Optimization Goal                  : Speed
Optimization Effort                : 1
Power Reduction                    : NO
Keep Hierarchy                     : No
Netlist Hierarchy                  : As_Optimized
RTL Output                         : Yes
Global Optimization                : AllClockNets
Read Cores                         : YES
Write Timing Constraints           : NO
Cross Clock Analysis               : NO
Hierarchy Separator                : /
Bus Delimiter                      : <>
Case Specifier                     : Maintain
Slice Utilization Ratio            : 100
BRAM Utilization Ratio             : 100
DSP48 Utilization Ratio            : 100
Auto BRAM Packing                  : NO
Slice Utilization Ratio Delta      : 5

=========================================================================


=========================================================================
*                          HDL Parsing                                  *
=========================================================================
Analyzing Verilog file "C:\FPGA\vend\vend.v" into library work
Parsing module <vend>.

=========================================================================
*                            HDL Elaboration                            *
=========================================================================

Elaborating module <vend>.
WARNING:HDLCompiler:413 - "C:\FPGA\vend\vend.v" Line 53: Result of 21-bit expression is truncated to fit in 20-bit target.

=========================================================================
*                           HDL Synthesis                               *
=========================================================================

Synthesizing Unit <vend>.
    Related source file is "C:\FPGA\vend\vend.v".
        s0 = 2'b00
        s5 = 2'b01
        s10 = 2'b10
        s15 = 2'b11
    Found 2-bit register for signal <current_state>.
    Found 2-bit register for signal <next_state>.
    Found 1-bit register for signal <n>.
    Found 20-bit register for signal <counter>.
    Found 20-bit adder for signal <counter[19]_GND_1_o_add_2_OUT> created at line 53.
    Found 16x7-bit Read Only RAM for signal <z>
    Found 2-bit 4-to-1 multiplexer for signal <current_state[1]_PWR_1_o_wide_mux_27_OUT> created at line 67.
    Summary:
	inferred   1 RAM(s).
	inferred   1 Adder/Subtractor(s).
	inferred  25 D-type flip-flop(s).
	inferred   5 Multiplexer(s).
Unit <vend> synthesized.

=========================================================================
HDL Synthesis Report

Macro Statistics
# RAMs                                                 : 1
 16x7-bit single-port Read Only RAM                    : 1
# Adders/Subtractors                                   : 1
 20-bit adder                                          : 1
# Registers                                            : 4
 1-bit register                                        : 1
 2-bit register                                        : 2
 20-bit register                                       : 1
# Multiplexers                                         : 5
 1-bit 2-to-1 multiplexer                              : 4
 2-bit 4-to-1 multiplexer                              : 1

=========================================================================

=========================================================================
*                       Advanced HDL Synthesis                          *
=========================================================================


Synthesizing (advanced) Unit <vend>.
The following registers are absorbed into counter <counter>: 1 register on signal <counter>.
INFO:Xst:3218 - HDL ADVISOR - The RAM <Mram_z> will be implemented on LUTs either because you have described an asynchronous read or because of currently unsupported block RAM features. If you have described an asynchronous read, making it synchronous would allow you to take advantage of available block RAM resources, for optimized device usage and improved timings. Please refer to your documentation for coding guidelines.
    -----------------------------------------------------------------------
    | ram_type           | Distributed                         |          |
    -----------------------------------------------------------------------
    | Port A                                                              |
    |     aspect ratio   | 16-word x 7-bit                     |          |
    |     weA            | connected to signal <GND>           | high     |
    |     addrA          | connected to signal <y>             |          |
    |     diA            | connected to signal <GND>           |          |
    |     doA            | connected to signal <z>             |          |
    -----------------------------------------------------------------------
Unit <vend> synthesized (advanced).

=========================================================================
Advanced HDL Synthesis Report

Macro Statistics
# RAMs                                                 : 1
 16x7-bit single-port distributed Read Only RAM        : 1
# Counters                                             : 1
 20-bit up counter                                     : 1
# Registers                                            : 5
 Flip-Flops                                            : 5
# Multiplexers                                         : 5
 1-bit 2-to-1 multiplexer                              : 4
 2-bit 4-to-1 multiplexer                              : 1

=========================================================================

=========================================================================
*                         Low Level Synthesis                           *
=========================================================================

Optimizing unit <vend> ...

Mapping all equations...
Building and optimizing final netlist ...
Found area constraint ratio of 100 (+ 5) on block vend, actual ratio is 0.
FlipFlop current_state_1 has been replicated 1 time(s) to handle iob=true attribute.
FlipFlop current_state_0 has been replicated 2 time(s) to handle iob=true attribute.

Final Macro Processing ...

=========================================================================
Final Register Report

Macro Statistics
# Registers                                            : 28
 Flip-Flops                                            : 28

=========================================================================

=========================================================================
*                           Partition Report                            *
=========================================================================

Partition Implementation Status
-------------------------------

  No Partitions were found in this design.

-------------------------------

=========================================================================
*                            Design Summary                             *
=========================================================================

Top Level Output File Name         : vend.ngc

Primitive and Black Box Usage:
------------------------------
# BELS                             : 69
#      GND                         : 1
#      INV                         : 2
#      LUT1                        : 19
#      LUT2                        : 4
#      LUT3                        : 1
#      LUT4                        : 2
#      MUXCY                       : 19
#      VCC                         : 1
#      XORCY                       : 20
# FlipFlops/Latches                : 28
#      FD                          : 3
#      FDR                         : 25
# Clock Buffers                    : 2
#      BUFGP                       : 2
# IO Buffers                       : 25
#      IBUF                        : 3
#      OBUF                        : 22

Device utilization summary:
---------------------------

Selected Device : 6slx16csg324-3 


Slice Logic Utilization: 
 Number of Slice Registers:              25  out of  18224     0%  
 Number of Slice LUTs:                   28  out of   9112     0%  
    Number used as Logic:                28  out of   9112     0%  

Slice Logic Distribution: 
 Number of LUT Flip Flop pairs used:     29
   Number with an unused Flip Flop:       4  out of     29    13%  
   Number with an unused LUT:             1  out of     29     3%  
   Number of fully used LUT-FF pairs:    24  out of     29    82%  
   Number of unique control sets:         3

IO Utilization: 
 Number of IOs:                          27
 Number of bonded IOBs:                  27  out of    232    11%  
    IOB Flip Flops/Latches:               3

Specific Feature Utilization:
 Number of BUFG/BUFGCTRLs:                2  out of     16    12%  

---------------------------
Partition Resource Summary:
---------------------------

  No Partitions were found in this design.

---------------------------


=========================================================================
Timing Report

NOTE: THESE TIMING NUMBERS ARE ONLY A SYNTHESIS ESTIMATE.
      FOR ACCURATE TIMING INFORMATION PLEASE REFER TO THE TRACE REPORT
      GENERATED AFTER PLACE-and-ROUTE.

Clock Information:
------------------
-----------------------------------+------------------------+-------+
Clock Signal                       | Clock buffer(FF name)  | Load  |
-----------------------------------+------------------------+-------+
clk                                | BUFGP                  | 26    |
enb                                | BUFGP                  | 2     |
-----------------------------------+------------------------+-------+

Asynchronous Control Signals Information:
----------------------------------------
No asynchronous control signals found in this design

Timing Summary:
---------------
Speed Grade: -3

   Minimum period: 2.028ns (Maximum Frequency: 493.133MHz)
   Minimum input arrival time before clock: 2.844ns
   Maximum output required time after clock: 4.832ns
   Maximum combinational path delay: No path found

Timing Details:
---------------
All values displayed in nanoseconds (ns)

=========================================================================
Timing constraint: Default period analysis for Clock 'clk'
  Clock period: 2.028ns (frequency: 493.133MHz)
  Total number of paths / destination ports: 212 / 21
-------------------------------------------------------------------------
Delay:               2.028ns (Levels of Logic = 21)
  Source:            counter_0 (FF)
  Destination:       counter_19 (FF)
  Source Clock:      clk rising
  Destination Clock: clk rising

  Data Path: counter_0 to counter_19
                                Gate     Net
    Cell:in->out      fanout   Delay   Delay  Logical Name (Net Name)
    ----------------------------------------  ------------
     FDR:C->Q              1   0.447   0.579  counter_0 (counter_0)
     INV:I->O              1   0.206   0.000  Mcount_counter_lut<0>_INV_0 (Mcount_counter_lut<0>)
     MUXCY:S->O            1   0.172   0.000  Mcount_counter_cy<0> (Mcount_counter_cy<0>)
     MUXCY:CI->O           1   0.019   0.000  Mcount_counter_cy<1> (Mcount_counter_cy<1>)
     MUXCY:CI->O           1   0.019   0.000  Mcount_counter_cy<2> (Mcount_counter_cy<2>)
     MUXCY:CI->O           1   0.019   0.000  Mcount_counter_cy<3> (Mcount_counter_cy<3>)
     MUXCY:CI->O           1   0.019   0.000  Mcount_counter_cy<4> (Mcount_counter_cy<4>)
     MUXCY:CI->O           1   0.019   0.000  Mcount_counter_cy<5> (Mcount_counter_cy<5>)
     MUXCY:CI->O           1   0.019   0.000  Mcount_counter_cy<6> (Mcount_counter_cy<6>)
     MUXCY:CI->O           1   0.019   0.000  Mcount_counter_cy<7> (Mcount_counter_cy<7>)
     MUXCY:CI->O           1   0.019   0.000  Mcount_counter_cy<8> (Mcount_counter_cy<8>)
     MUXCY:CI->O           1   0.019   0.000  Mcount_counter_cy<9> (Mcount_counter_cy<9>)
     MUXCY:CI->O           1   0.019   0.000  Mcount_counter_cy<10> (Mcount_counter_cy<10>)
     MUXCY:CI->O           1   0.019   0.000  Mcount_counter_cy<11> (Mcount_counter_cy<11>)
     MUXCY:CI->O           1   0.019   0.000  Mcount_counter_cy<12> (Mcount_counter_cy<12>)
     MUXCY:CI->O           1   0.019   0.000  Mcount_counter_cy<13> (Mcount_counter_cy<13>)
     MUXCY:CI->O           1   0.019   0.000  Mcount_counter_cy<14> (Mcount_counter_cy<14>)
     MUXCY:CI->O           1   0.019   0.000  Mcount_counter_cy<15> (Mcount_counter_cy<15>)
     MUXCY:CI->O           1   0.019   0.000  Mcount_counter_cy<16> (Mcount_counter_cy<16>)
     MUXCY:CI->O           1   0.019   0.000  Mcount_counter_cy<17> (Mcount_counter_cy<17>)
     MUXCY:CI->O           0   0.019   0.000  Mcount_counter_cy<18> (Mcount_counter_cy<18>)
     XORCY:CI->O           1   0.180   0.000  Mcount_counter_xor<19> (Result<19>)
     FDR:D                     0.102          counter_19
    ----------------------------------------
    Total                      2.028ns (1.449ns logic, 0.579ns route)
                                       (71.5% logic, 28.5% route)

=========================================================================
Timing constraint: Default OFFSET IN BEFORE for Clock 'clk'
  Total number of paths / destination ports: 25 / 25
-------------------------------------------------------------------------
Offset:              2.844ns (Levels of Logic = 1)
  Source:            rst (PAD)
  Destination:       current_state_0 (FF)
  Destination Clock: clk rising

  Data Path: rst to current_state_0
                                Gate     Net
    Cell:in->out      fanout   Delay   Delay  Logical Name (Net Name)
    ----------------------------------------  ------------
     IBUF:I->O            25   1.222   1.192  rst_IBUF (rst_IBUF)
     FDR:R                     0.430          current_state_0
    ----------------------------------------
    Total                      2.844ns (1.652ns logic, 1.192ns route)
                                       (58.1% logic, 41.9% route)

=========================================================================
Timing constraint: Default OFFSET IN BEFORE for Clock 'enb'
  Total number of paths / destination ports: 4 / 2
-------------------------------------------------------------------------
Offset:              2.391ns (Levels of Logic = 2)
  Source:            c<1> (PAD)
  Destination:       next_state_1 (FF)
  Destination Clock: enb rising

  Data Path: c<1> to next_state_1
                                Gate     Net
    Cell:in->out      fanout   Delay   Delay  Logical Name (Net Name)
    ----------------------------------------  ------------
     IBUF:I->O             2   1.222   0.864  c_1_IBUF (c_1_IBUF)
     LUT4:I0->O            1   0.203   0.000  Mmux_current_state[1]_PWR_1_o_wide_mux_27_OUT21 (current_state[1]_PWR_1_o_wide_mux_27_OUT<1>)
     FD:D                      0.102          next_state_1
    ----------------------------------------
    Total                      2.391ns (1.527ns logic, 0.864ns route)
                                       (63.9% logic, 36.1% route)

=========================================================================
Timing constraint: Default OFFSET OUT AFTER for Clock 'clk'
  Total number of paths / destination ports: 21 / 14
-------------------------------------------------------------------------
Offset:              4.832ns (Levels of Logic = 2)
  Source:            counter_18 (FF)
  Destination:       z<2> (PAD)
  Source Clock:      clk rising

  Data Path: counter_18 to z<2>
                                Gate     Net
    Cell:in->out      fanout   Delay   Delay  Logical Name (Net Name)
    ----------------------------------------  ------------
     FDR:C->Q              8   0.447   1.031  counter_18 (counter_18)
     LUT3:I0->O            1   0.205   0.579  z<2>1 (z_2_OBUF)
     OBUF:I->O                 2.571          z_2_OBUF (z<2>)
    ----------------------------------------
    Total                      4.832ns (3.223ns logic, 1.609ns route)
                                       (66.7% logic, 33.3% route)

=========================================================================

Cross Clock Domains Report:
--------------------------

Clock to Setup on destination clock clk
---------------+---------+---------+---------+---------+
               | Src:Rise| Src:Fall| Src:Rise| Src:Fall|
Source Clock   |Dest:Rise|Dest:Rise|Dest:Fall|Dest:Fall|
---------------+---------+---------+---------+---------+
clk            |    2.028|         |         |         |
enb            |    1.199|         |         |         |
---------------+---------+---------+---------+---------+

Clock to Setup on destination clock enb
---------------+---------+---------+---------+---------+
               | Src:Rise| Src:Fall| Src:Rise| Src:Fall|
Source Clock   |Dest:Rise|Dest:Rise|Dest:Fall|Dest:Fall|
---------------+---------+---------+---------+---------+
clk            |    1.744|         |         |         |
---------------+---------+---------+---------+---------+

=========================================================================


Total REAL time to Xst completion: 6.00 secs
Total CPU time to Xst completion: 5.69 secs
 
--> 

Total memory usage is 291460 kilobytes

Number of errors   :    0 (   0 filtered)
Number of warnings :    1 (   0 filtered)
Number of infos    :    1 (   0 filtered)

