Release 13.1 Xflow O.40d (nt64)
Copyright (c) 1995-2011 Xilinx, Inc.  All rights reserved.
xflow.exe -wd implementation -p xc6slx16csg324-3 -implement xflow.opt system.ngc
 
PMSPEC -- Overriding Xilinx file
<D:/FPGA/Xilinx/13.1/ISE_DS/EDK/spartan6/data/spartan6.acd> with local file
<D:/FPGA/Xilinx/13.1/ISE_DS/ISE/spartan6/data/spartan6.acd>
.... Copying flowfile D:/FPGA/Xilinx/13.1/ISE_DS/ISE/xilinx/data/fpga.flw into
working directory D:/Work/FPGA/Embedded_Design/Lab2/implementation 

Using Flow File: D:/Work/FPGA/Embedded_Design/Lab2/implementation/fpga.flw 
Using Option File(s): 
 D:/Work/FPGA/Embedded_Design/Lab2/implementation/xflow.opt 

Creating Script File ... 

#----------------------------------------------#
# Starting program ngdbuild
# ngdbuild -p xc6slx16csg324-3 -nt timestamp -bm system.bmm
"D:/Work/FPGA/Embedded_Design/Lab2/implementation/system.ngc" -uc system.ucf
system.ngd 
#----------------------------------------------#
Release 13.1 - ngdbuild O.40d (nt64)
Copyright (c) 1995-2011 Xilinx, Inc.  All rights reserved.
PMSPEC -- Overriding Xilinx file
<D:/FPGA/Xilinx/13.1/ISE_DS/EDK/spartan6/data/spartan6.acd> with local file
<D:/FPGA/Xilinx/13.1/ISE_DS/ISE/spartan6/data/spartan6.acd>

Command Line: D:\FPGA\Xilinx\13.1\ISE_DS\ISE\bin\nt64\unwrapped\ngdbuild.exe -p
xc6slx16csg324-3 -nt timestamp -bm system.bmm
D:/Work/FPGA/Embedded_Design/Lab2/implementation/system.ngc -uc system.ucf
system.ngd

Reading NGO file "D:/Work/FPGA/Embedded_Design/Lab2/implementation/system.ngc"
...
Loading design module
"D:/Work/FPGA/Embedded_Design/Lab2/implementation/dip_switches_8bits_wrapper.ngc
"...
Loading design module
"D:/Work/FPGA/Embedded_Design/Lab2/implementation/push_buttons_4bits_wrapper.ngc
"...
Loading design module
"D:/Work/FPGA/Embedded_Design/Lab2/implementation/proc_sys_reset_0_wrapper.ngc".
..
Loading design module
"D:/Work/FPGA/Embedded_Design/Lab2/implementation/clock_generator_0_wrapper.ngc"
...
Loading design module
"D:/Work/FPGA/Embedded_Design/Lab2/implementation/rs232_uart_1_wrapper.ngc"...
Loading design module
"D:/Work/FPGA/Embedded_Design/Lab2/implementation/microblaze_0_ilmb_wrapper.ngc"
...
Loading design module
"D:/Work/FPGA/Embedded_Design/Lab2/implementation/microblaze_0_dlmb_wrapper.ngc"
...
Loading design module
"D:/Work/FPGA/Embedded_Design/Lab2/implementation/axi4lite_0_wrapper.ngc"...
Loading design module
"D:/Work/FPGA/Embedded_Design/Lab2/implementation/microblaze_0_wrapper.ngc"...
Loading design module
"D:/Work/FPGA/Embedded_Design/Lab2/implementation/microblaze_0_i_bram_ctrl_wrapp
er.ngc"...
Loading design module
"D:/Work/FPGA/Embedded_Design/Lab2/implementation/microblaze_0_d_bram_ctrl_wrapp
er.ngc"...
Loading design module
"D:/Work/FPGA/Embedded_Design/Lab2/implementation/debug_module_wrapper.ngc"...
Loading design module
"D:/Work/FPGA/Embedded_Design/Lab2/implementation/led_8bits_wrapper.ngc"...
Loading design module
"D:/Work/FPGA/Embedded_Design/Lab2/implementation/microblaze_0_bram_block_wrappe
r.ngc"...
Applying constraints in
"D:/Work/FPGA/Embedded_Design/Lab2/implementation/microblaze_0_ilmb_wrapper.ncf"
to module "microblaze_0_ilmb"...
Checking Constraint Associations...
Applying constraints in
"D:/Work/FPGA/Embedded_Design/Lab2/implementation/microblaze_0_dlmb_wrapper.ncf"
to module "microblaze_0_dlmb"...
Checking Constraint Associations...
Applying constraints in
"D:/Work/FPGA/Embedded_Design/Lab2/implementation/axi4lite_0_wrapper.ncf" to
module "axi4lite_0"...
Checking Constraint Associations...
Applying constraints in
"D:/Work/FPGA/Embedded_Design/Lab2/implementation/microblaze_0_wrapper.ncf" to
module "microblaze_0"...
Checking Constraint Associations...
Gathering constraint information from source properties...
Done.

Annotating constraints to design from ucf file "system.ucf" ...
WARNING:NgdBuild:931 - The value of SIM_DEVICE on instance
   'clock_generator_0/clock_generator_0/PLL0_INST/Using_PLL_ADV.PLL_ADV_inst' of
   type PLL_ADV has been changed from 'VIRTEX5' to 'SPARTAN6' to correct
   post-ngdbuild and timing simulation for this primitive.  In order for
   functional simulation to be correct, the value of SIM_DEVICE should be
   changed in this same manner in the source netlist or constraint file.
Resolving constraint associations...
Checking Constraint Associations...
WARNING:ConstraintSystem:58 - Constraint <TIMEGRP axi4lite_0_reset_source = FFS
   PADS CPUS;>: CPUS "*" does not match any design objects.

WARNING:ConstraintSystem:58 - Constraint <TIMEGRP axi4lite_0_local_flops =
   FFS("axi4lite_0/axi4lite_0/*") RAMS("axi4lite_0/axi4lite_0/*") EXCEPT
   axi4lite_0_clock_conv_slow_div2;>: RAMS "axi4lite_0/axi4lite_0/*" does not
   match any design objects.

WARNING:ConstraintSystem:58 - Constraint <TIMEGRP
   axi4lite_0_SI0_clock_conv_otherclk_global = FFS RAMS CPUS EXCEPT
   axi4lite_0_SI0_clock_conv_ACLK_temp axi4lite_0_clock_conv_slow_div2;>: CPUS
   "*" does not match any design objects.

INFO:ConstraintSystem:178 - TNM 'sys_clk_pin', used in period specification
   'TS_sys_clk_pin', was traced into PLL_ADV instance
   clock_generator_0/PLL0_INST/Using_PLL_ADV.PLL_ADV_inst. The following new TNM
   groups and period specifications were generated at the PLL_ADV output(s): 
   CLKOUT1: <TIMESPEC TS_clock_generator_0_clock_generator_0_SIG_PLL0_CLKOUT1 =
   PERIOD "clock_generator_0_clock_generator_0_SIG_PLL0_CLKOUT1" TS_sys_clk_pin
   * 0.5 HIGH 50%>

INFO:ConstraintSystem:178 - TNM 'sys_clk_pin', used in period specification
   'TS_sys_clk_pin', was traced into PLL_ADV instance
   clock_generator_0/PLL0_INST/Using_PLL_ADV.PLL_ADV_inst. The following new TNM
   groups and period specifications were generated at the PLL_ADV output(s): 
   CLKOUT0: <TIMESPEC TS_clock_generator_0_clock_generator_0_SIG_PLL0_CLKOUT0 =
   PERIOD "clock_generator_0_clock_generator_0_SIG_PLL0_CLKOUT0" TS_sys_clk_pin
   HIGH 50%>

Done...

Processing BMM file "system.bmm" ...

Checking expanded design ...
WARNING:NgdBuild:443 - SFF primitive
   'microblaze_0/microblaze_0/Performance.Decode_I/Using_FPGA.Gen_Bits[27].MEM_E
   X_Result_Inst' has unconnected output pin
WARNING:NgdBuild:478 - clock net debug_module/bscan_drck1 with clock driver
   debug_module/debug_module/BUFG_DRCK1 drives no clock pins

Partition Implementation Status
-------------------------------

  No Partitions were found in this design.

-------------------------------

NGDBUILD Design Results Summary:
  Number of errors:     0
  Number of warnings:   6

Writing NGD file "system.ngd" ...
Total REAL time to NGDBUILD completion:  15 sec
Total CPU time to NGDBUILD completion:   14 sec

Writing NGDBUILD log file "system.bld"...

NGDBUILD done.



#----------------------------------------------#
# Starting program map
# map -o system_map.ncd -w -pr b -ol high -timing -detail system.ngd system.pcf 
#----------------------------------------------#
Release 13.1 - Map O.40d (nt64)
Copyright (c) 1995-2011 Xilinx, Inc.  All rights reserved.
PMSPEC -- Overriding Xilinx file
<D:/FPGA/Xilinx/13.1/ISE_DS/EDK/data/Xdh_PrimTypeLib.xda> with local file
<D:/FPGA/Xilinx/13.1/ISE_DS/ISE/data/Xdh_PrimTypeLib.xda>
Using target part "6slx16csg324-3".
Mapping design into LUTs...
Writing file system_map.ngm...
Running directed packing...
Running delay-based LUT packing...
Updating timing models...
INFO:Map:215 - The Interim Design Summary has been generated in the MAP Report
   (.mrp).
Running timing-driven placement...
Total REAL time at the beginning of Placer: 18 secs 
Total CPU  time at the beginning of Placer: 13 secs 

Phase 1.1  Initial Placement Analysis
Phase 1.1  Initial Placement Analysis (Checksum:f51af9e0) REAL time: 21 secs 

Phase 2.7  Design Feasibility Check
WARNING:Place:837 - Partially locked IO Bus is found. 
    Following components of the bus are not locked: 
   	 Comp: LED_8Bits_TRI_O<31>
   	 Comp: LED_8Bits_TRI_O<30>
   	 Comp: LED_8Bits_TRI_O<29>
   	 Comp: LED_8Bits_TRI_O<28>
   	 Comp: LED_8Bits_TRI_O<27>
   	 Comp: LED_8Bits_TRI_O<26>
   	 Comp: LED_8Bits_TRI_O<25>
   	 Comp: LED_8Bits_TRI_O<24>
   	 Comp: LED_8Bits_TRI_O<23>
   	 Comp: LED_8Bits_TRI_O<22>
   	 Comp: LED_8Bits_TRI_O<21>
   	 Comp: LED_8Bits_TRI_O<20>
   	 Comp: LED_8Bits_TRI_O<19>
   	 Comp: LED_8Bits_TRI_O<18>
   	 Comp: LED_8Bits_TRI_O<17>
   	 Comp: LED_8Bits_TRI_O<16>
   	 Comp: LED_8Bits_TRI_O<15>
   	 Comp: LED_8Bits_TRI_O<14>
   	 Comp: LED_8Bits_TRI_O<13>
   	 Comp: LED_8Bits_TRI_O<12>
   	 Comp: LED_8Bits_TRI_O<11>
   	 Comp: LED_8Bits_TRI_O<10>
   	 Comp: LED_8Bits_TRI_O<9>
   	 Comp: LED_8Bits_TRI_O<8>

WARNING:Place:838 - An IO Bus with more than one IO standard is found.
   Components associated with this bus are as follows: 
   	 Comp: LED_8Bits_TRI_O<0>   IOSTANDARD = LVCMOS33
   	 Comp: LED_8Bits_TRI_O<1>   IOSTANDARD = LVCMOS33
   	 Comp: LED_8Bits_TRI_O<2>   IOSTANDARD = LVCMOS33
   	 Comp: LED_8Bits_TRI_O<3>   IOSTANDARD = LVCMOS33
   	 Comp: LED_8Bits_TRI_O<4>   IOSTANDARD = LVCMOS33
   	 Comp: LED_8Bits_TRI_O<5>   IOSTANDARD = LVCMOS33
   	 Comp: LED_8Bits_TRI_O<6>   IOSTANDARD = LVCMOS33
   	 Comp: LED_8Bits_TRI_O<7>   IOSTANDARD = LVCMOS33
   	 Comp: LED_8Bits_TRI_O<8>   IOSTANDARD = LVCMOS25
   	 Comp: LED_8Bits_TRI_O<9>   IOSTANDARD = LVCMOS25
   	 Comp: LED_8Bits_TRI_O<10>   IOSTANDARD = LVCMOS25
   	 Comp: LED_8Bits_TRI_O<11>   IOSTANDARD = LVCMOS25
   	 Comp: LED_8Bits_TRI_O<12>   IOSTANDARD = LVCMOS25
   	 Comp: LED_8Bits_TRI_O<13>   IOSTANDARD = LVCMOS25
   	 Comp: LED_8Bits_TRI_O<14>   IOSTANDARD = LVCMOS25
   	 Comp: LED_8Bits_TRI_O<15>   IOSTANDARD = LVCMOS25
   	 Comp: LED_8Bits_TRI_O<16>   IOSTANDARD = LVCMOS25
   	 Comp: LED_8Bits_TRI_O<17>   IOSTANDARD = LVCMOS25
   	 Comp: LED_8Bits_TRI_O<18>   IOSTANDARD = LVCMOS25
   	 Comp: LED_8Bits_TRI_O<19>   IOSTANDARD = LVCMOS25
   	 Comp: LED_8Bits_TRI_O<20>   IOSTANDARD = LVCMOS25
   	 Comp: LED_8Bits_TRI_O<21>   IOSTANDARD = LVCMOS25
   	 Comp: LED_8Bits_TRI_O<22>   IOSTANDARD = LVCMOS25
   	 Comp: LED_8Bits_TRI_O<23>   IOSTANDARD = LVCMOS25
   	 Comp: LED_8Bits_TRI_O<24>   IOSTANDARD = LVCMOS25
   	 Comp: LED_8Bits_TRI_O<25>   IOSTANDARD = LVCMOS25
   	 Comp: LED_8Bits_TRI_O<26>   IOSTANDARD = LVCMOS25
   	 Comp: LED_8Bits_TRI_O<27>   IOSTANDARD = LVCMOS25
   	 Comp: LED_8Bits_TRI_O<28>   IOSTANDARD = LVCMOS25
   	 Comp: LED_8Bits_TRI_O<29>   IOSTANDARD = LVCMOS25
   	 Comp: LED_8Bits_TRI_O<30>   IOSTANDARD = LVCMOS25
   	 Comp: LED_8Bits_TRI_O<31>   IOSTANDARD = LVCMOS25


INFO:Place:834 - Only a subset of IOs are locked. Out of 48 IOs, 24 are locked
   and 24 are not locked. If you would like to print the names of these IOs,
   please set the environment variable XIL_PAR_DESIGN_CHECK_VERBOSE to 1. 
Phase 2.7  Design Feasibility Check (Checksum:f51af9e0) REAL time: 21 secs 

Phase 3.31  Local Placement Optimization
Phase 3.31  Local Placement Optimization (Checksum:c437d350) REAL time: 21 secs 

Phase 4.2  Initial Placement for Architecture Specific Features
....
Phase 4.2  Initial Placement for Architecture Specific Features (Checksum:b91a12bf) REAL time: 26 secs 

Phase 5.36  Local Placement Optimization
Phase 5.36  Local Placement Optimization (Checksum:b91a12bf) REAL time: 26 secs 

Phase 6.30  Global Clock Region Assignment
Phase 6.30  Global Clock Region Assignment (Checksum:b91a12bf) REAL time: 26 secs 

Phase 7.3  Local Placement Optimization
....
Phase 7.3  Local Placement Optimization (Checksum:d32d8e57) REAL time: 27 secs 

Phase 8.5  Local Placement Optimization
Phase 8.5  Local Placement Optimization (Checksum:ba4ca1c2) REAL time: 27 secs 

Phase 9.8  Global Placement
......................
..................................................................................
..................................................................................................................................
..............................................................................................
............................................................................
Phase 9.8  Global Placement (Checksum:95d9ea9d) REAL time: 48 secs 

Phase 10.5  Local Placement Optimization
Phase 10.5  Local Placement Optimization (Checksum:95d9ea9d) REAL time: 49 secs 

Phase 11.18  Placement Optimization
Phase 11.18  Placement Optimization (Checksum:a1ac25c6) REAL time: 54 secs 

Phase 12.5  Local Placement Optimization
Phase 12.5  Local Placement Optimization (Checksum:a1ac25c6) REAL time: 54 secs 

Phase 13.34  Placement Validation
Phase 13.34  Placement Validation (Checksum:9a1e8e6) REAL time: 54 secs 

Total REAL time to Placer completion: 54 secs 
Total CPU  time to Placer completion: 47 secs 
Running post-placement packing...
Writing output files...

Design Summary:
Number of errors:      0
Number of warnings:   20
Slice Logic Utilization:
  Number of Slice Registers:                 2,130 out of  18,224   11%
    Number used as Flip Flops:               2,123
    Number used as Latches:                      0
    Number used as Latch-thrus:                  0
    Number used as AND/OR logics:                7
  Number of Slice LUTs:                      2,290 out of   9,112   25%
    Number used as logic:                    2,071 out of   9,112   22%
      Number using O6 output only:           1,574
      Number using O5 output only:              48
      Number using O5 and O6:                  449
      Number used as ROM:                        0
    Number used as Memory:                     166 out of   2,176    7%
      Number used as Dual Port RAM:             64
        Number using O6 output only:             0
        Number using O5 output only:             0
        Number using O5 and O6:                 64
      Number used as Single Port RAM:            0
      Number used as Shift Register:           102
        Number using O6 output only:            29
        Number using O5 output only:             1
        Number using O5 and O6:                 72
    Number used exclusively as route-thrus:     53
      Number with same-slice register load:     49
      Number with same-slice carry load:         4
      Number with other load:                    0

Slice Logic Distribution:
  Number of occupied Slices:                 1,001 out of   2,278   43%
  Number of LUT Flip Flop pairs used:        2,870
    Number with an unused Flip Flop:         1,002 out of   2,870   34%
    Number with an unused LUT:                 580 out of   2,870   20%
    Number of fully used LUT-FF pairs:       1,288 out of   2,870   44%
    Number of unique control sets:             154
    Number of slice register sites lost
      to control set restrictions:             551 out of  18,224    3%

  A LUT Flip Flop pair for this architecture represents one LUT paired with
  one Flip Flop within a slice.  A control set is a unique combination of
  clock, reset, set, and enable signals for a registered element.
  The Slice Logic Distribution report is not meaningful if the design is
  over-mapped for a non-slice resource or if Placement fails.

IO Utilization:
  Number of bonded IOBs:                        48 out of     232   20%
    Number of LOCed IOBs:                       24 out of      48   50%
    IOB Flip Flops:                              2

Specific Feature Utilization:
  Number of RAMB16BWERs:                        16 out of      32   50%
  Number of RAMB8BWERs:                          0 out of      64    0%
  Number of BUFIO2/BUFIO2_2CLKs:                 1 out of      32    3%
    Number used as BUFIO2s:                      1
    Number used as BUFIO2_2CLKs:                 0
  Number of BUFIO2FB/BUFIO2FB_2CLKs:             0 out of      32    0%
  Number of BUFG/BUFGMUXs:                       3 out of      16   18%
    Number used as BUFGs:                        3
    Number used as BUFGMUX:                      0
  Number of DCM/DCM_CLKGENs:                     0 out of       4    0%
  Number of ILOGIC2/ISERDES2s:                   1 out of     248    1%
    Number used as ILOGIC2s:                     1
    Number used as ISERDES2s:                    0
  Number of IODELAY2/IODRP2/IODRP2_MCBs:         0 out of     248    0%
  Number of OLOGIC2/OSERDES2s:                   1 out of     248    1%
    Number used as OLOGIC2s:                     1
    Number used as OSERDES2s:                    0
  Number of BSCANs:                              1 out of       4   25%
  Number of BUFHs:                               0 out of     128    0%
  Number of BUFPLLs:                             0 out of       8    0%
  Number of BUFPLL_MCBs:                         0 out of       4    0%
  Number of DSP48A1s:                            3 out of      32    9%
  Number of ICAPs:                               0 out of       1    0%
  Number of MCBs:                                0 out of       2    0%
  Number of PCILOGICSEs:                         0 out of       2    0%
  Number of PLL_ADVs:                            1 out of       2   50%
  Number of PMVs:                                0 out of       1    0%
  Number of STARTUPs:                            0 out of       1    0%
  Number of SUSPEND_SYNCs:                       0 out of       1    0%

Average Fanout of Non-Clock Nets:                4.00

Peak Memory Usage:  446 MB
Total REAL time to MAP completion:  58 secs 
Total CPU time to MAP completion:   50 secs 

Mapping completed.
See MAP report file "system_map.mrp" for details.



#----------------------------------------------#
# Starting program par
# par -w -ol high system_map.ncd system.ncd system.pcf 
#----------------------------------------------#
Release 13.1 - par O.40d (nt64)
Copyright (c) 1995-2011 Xilinx, Inc.  All rights reserved.
PMSPEC -- Overriding Xilinx file <D:/FPGA/Xilinx/13.1/ISE_DS/EDK/data/parBmgr.acd> with local file
<D:/FPGA/Xilinx/13.1/ISE_DS/ISE/data/parBmgr.acd>



Constraints file: system.pcf.
Loading device for application Rf_Device from file '6slx16.nph' in environment
D:\FPGA\Xilinx\13.1\ISE_DS\ISE\;D:\FPGA\Xilinx\13.1\ISE_DS\EDK.
   "system" is an NCD, version 3.2, device xc6slx16, package csg324, speed -3

Initializing temperature to 85.000 Celsius. (default - Range: 0.000 to 85.000 Celsius)
Initializing voltage to 1.140 Volts. (default - Range: 1.140 to 1.260 Volts)


Device speed data version:  "PRODUCTION 1.17 2011-02-03".



Device Utilization Summary:

Slice Logic Utilization:
  Number of Slice Registers:                 2,130 out of  18,224   11%
    Number used as Flip Flops:               2,123
    Number used as Latches:                      0
    Number used as Latch-thrus:                  0
    Number used as AND/OR logics:                7
  Number of Slice LUTs:                      2,290 out of   9,112   25%
    Number used as logic:                    2,071 out of   9,112   22%
      Number using O6 output only:           1,574
      Number using O5 output only:              48
      Number using O5 and O6:                  449
      Number used as ROM:                        0
    Number used as Memory:                     166 out of   2,176    7%
      Number used as Dual Port RAM:             64
        Number using O6 output only:             0
        Number using O5 output only:             0
        Number using O5 and O6:                 64
      Number used as Single Port RAM:            0
      Number used as Shift Register:           102
        Number using O6 output only:            29
        Number using O5 output only:             1
        Number using O5 and O6:                 72
    Number used exclusively as route-thrus:     53
      Number with same-slice register load:     49
      Number with same-slice carry load:         4
      Number with other load:                    0

Slice Logic Distribution:
  Number of occupied Slices:                 1,001 out of   2,278   43%
  Number of LUT Flip Flop pairs used:        2,870
    Number with an unused Flip Flop:         1,002 out of   2,870   34%
    Number with an unused LUT:                 580 out of   2,870   20%
    Number of fully used LUT-FF pairs:       1,288 out of   2,870   44%
    Number of slice register sites lost
      to control set restrictions:               0 out of  18,224    0%

  A LUT Flip Flop pair for this architecture represents one LUT paired with
  one Flip Flop within a slice.  A control set is a unique combination of
  clock, reset, set, and enable signals for a registered element.
  The Slice Logic Distribution report is not meaningful if the design is
  over-mapped for a non-slice resource or if Placement fails.

IO Utilization:
  Number of bonded IOBs:                        48 out of     232   20%
    Number of LOCed IOBs:                       24 out of      48   50%
    IOB Flip Flops:                              2

Specific Feature Utilization:
  Number of RAMB16BWERs:                        16 out of      32   50%
  Number of RAMB8BWERs:                          0 out of      64    0%
  Number of BUFIO2/BUFIO2_2CLKs:                 1 out of      32    3%
    Number used as BUFIO2s:                      1
    Number used as BUFIO2_2CLKs:                 0
  Number of BUFIO2FB/BUFIO2FB_2CLKs:             0 out of      32    0%
  Number of BUFG/BUFGMUXs:                       3 out of      16   18%
    Number used as BUFGs:                        3
    Number used as BUFGMUX:                      0
  Number of DCM/DCM_CLKGENs:                     0 out of       4    0%
  Number of ILOGIC2/ISERDES2s:                   1 out of     248    1%
    Number used as ILOGIC2s:                     1
    Number used as ISERDES2s:                    0
  Number of IODELAY2/IODRP2/IODRP2_MCBs:         0 out of     248    0%
  Number of OLOGIC2/OSERDES2s:                   1 out of     248    1%
    Number used as OLOGIC2s:                     1
    Number used as OSERDES2s:                    0
  Number of BSCANs:                              1 out of       4   25%
  Number of BUFHs:                               0 out of     128    0%
  Number of BUFPLLs:                             0 out of       8    0%
  Number of BUFPLL_MCBs:                         0 out of       4    0%
  Number of DSP48A1s:                            3 out of      32    9%
  Number of ICAPs:                               0 out of       1    0%
  Number of MCBs:                                0 out of       2    0%
  Number of PCILOGICSEs:                         0 out of       2    0%
  Number of PLL_ADVs:                            1 out of       2   50%
  Number of PMVs:                                0 out of       1    0%
  Number of STARTUPs:                            0 out of       1    0%
  Number of SUSPEND_SYNCs:                       0 out of       1    0%


Overall effort level (-ol):   High 
Router effort level (-rl):    High 

INFO:Timing:3386 - Intersecting Constraints found and resolved.  For more information, see the TSI report.  Please consult the Xilinx
   Command Line Tools User Guide for information on generating a TSI report.
Starting initial Timing Analysis.  REAL time: 8 secs 
Finished initial Timing Analysis.  REAL time: 8 secs 

WARNING:Par:288 - The signal microblaze_0/microblaze_0/Performance.Data_Flow_I/Register_File_I/Using_LUT6.All_RAM32M[11].ram32m_i_RAMD_D1_O
   has no load.  PAR will not attempt to route this signal.
WARNING:Par:288 - The signal microblaze_0/microblaze_0/Performance.Data_Flow_I/Register_File_I/Using_LUT6.All_RAM32M[10].ram32m_i_RAMD_D1_O
   has no load.  PAR will not attempt to route this signal.
WARNING:Par:288 - The signal microblaze_0/microblaze_0/Performance.Data_Flow_I/Register_File_I/Using_LUT6.All_RAM32M[9].ram32m_i_RAMD_D1_O
   has no load.  PAR will not attempt to route this signal.
WARNING:Par:288 - The signal microblaze_0/microblaze_0/Performance.Data_Flow_I/Register_File_I/Using_LUT6.All_RAM32M[12].ram32m_i_RAMD_D1_O
   has no load.  PAR will not attempt to route this signal.
WARNING:Par:288 - The signal microblaze_0/microblaze_0/Performance.Data_Flow_I/Register_File_I/Using_LUT6.All_RAM32M[4].ram32m_i_RAMD_D1_O
   has no load.  PAR will not attempt to route this signal.
WARNING:Par:288 - The signal microblaze_0/microblaze_0/Performance.Data_Flow_I/Register_File_I/Using_LUT6.All_RAM32M[1].ram32m_i_RAMD_D1_O
   has no load.  PAR will not attempt to route this signal.
WARNING:Par:288 - The signal microblaze_0/microblaze_0/Performance.Data_Flow_I/Register_File_I/Using_LUT6.All_RAM32M[0].ram32m_i_RAMD_D1_O
   has no load.  PAR will not attempt to route this signal.
WARNING:Par:288 - The signal microblaze_0/microblaze_0/Performance.Data_Flow_I/Register_File_I/Using_LUT6.All_RAM32M[2].ram32m_i_RAMD_D1_O
   has no load.  PAR will not attempt to route this signal.
WARNING:Par:288 - The signal microblaze_0/microblaze_0/Performance.Data_Flow_I/Register_File_I/Using_LUT6.All_RAM32M[8].ram32m_i_RAMD_D1_O
   has no load.  PAR will not attempt to route this signal.
WARNING:Par:288 - The signal microblaze_0/microblaze_0/Performance.Data_Flow_I/Register_File_I/Using_LUT6.All_RAM32M[14].ram32m_i_RAMD_D1_O
   has no load.  PAR will not attempt to route this signal.
WARNING:Par:288 - The signal microblaze_0/microblaze_0/Performance.Data_Flow_I/Register_File_I/Using_LUT6.All_RAM32M[5].ram32m_i_RAMD_D1_O
   has no load.  PAR will not attempt to route this signal.
WARNING:Par:288 - The signal microblaze_0/microblaze_0/Performance.Data_Flow_I/Register_File_I/Using_LUT6.All_RAM32M[3].ram32m_i_RAMD_D1_O
   has no load.  PAR will not attempt to route this signal.
WARNING:Par:288 - The signal microblaze_0/microblaze_0/Performance.Data_Flow_I/Register_File_I/Using_LUT6.All_RAM32M[13].ram32m_i_RAMD_D1_O
   has no load.  PAR will not attempt to route this signal.
WARNING:Par:288 - The signal microblaze_0/microblaze_0/Performance.Data_Flow_I/Register_File_I/Using_LUT6.All_RAM32M[15].ram32m_i_RAMD_D1_O
   has no load.  PAR will not attempt to route this signal.
WARNING:Par:288 - The signal microblaze_0_d_bram_ctrl_2_microblaze_0_bram_block_BRAM_Addr<30> has no load.  PAR will not attempt to route
   this signal.
WARNING:Par:288 - The signal microblaze_0/microblaze_0/Performance.Data_Flow_I/Register_File_I/Using_LUT6.All_RAM32M[7].ram32m_i_RAMD_D1_O
   has no load.  PAR will not attempt to route this signal.
WARNING:Par:288 - The signal microblaze_0/microblaze_0/Performance.Data_Flow_I/Register_File_I/Using_LUT6.All_RAM32M[6].ram32m_i_RAMD_D1_O
   has no load.  PAR will not attempt to route this signal.
WARNING:Par:288 - The signal microblaze_0_d_bram_ctrl_2_microblaze_0_bram_block_BRAM_Addr<31> has no load.  PAR will not attempt to route
   this signal.
Starting Router


Phase  1  : 16736 unrouted;      REAL time: 8 secs 

Phase  2  : 13306 unrouted;      REAL time: 9 secs 

Phase  3  : 5591 unrouted;      REAL time: 18 secs 

Phase  4  : 5591 unrouted; (Setup:0, Hold:7, Component Switching Limit:0)     REAL time: 19 secs 

Updating file: system.ncd with current fully routed design.

Phase  5  : 0 unrouted; (Setup:0, Hold:7, Component Switching Limit:0)     REAL time: 26 secs 

Phase  6  : 0 unrouted; (Setup:0, Hold:7, Component Switching Limit:0)     REAL time: 26 secs 

Phase  7  : 0 unrouted; (Setup:0, Hold:7, Component Switching Limit:0)     REAL time: 26 secs 

Phase  8  : 0 unrouted; (Setup:0, Hold:7, Component Switching Limit:0)     REAL time: 26 secs 

Phase  9  : 0 unrouted; (Setup:0, Hold:0, Component Switching Limit:0)     REAL time: 26 secs 

Phase 10  : 0 unrouted; (Setup:0, Hold:0, Component Switching Limit:0)     REAL time: 28 secs 
Total REAL time to Router completion: 28 secs 
Total CPU time to Router completion: 27 secs 

Partition Implementation Status
-------------------------------

  No Partitions were found in this design.

-------------------------------

Generating "PAR" statistics.

**************************
Generating Clock Report
**************************

+---------------------+--------------+------+------+------------+-------------+
|        Clock Net    |   Resource   |Locked|Fanout|Net Skew(ns)|Max Delay(ns)|
+---------------------+--------------+------+------+------------+-------------+
| clk_100_0000MHzPLL0 | BUFGMUX_X3Y13| No   |  580 |  0.064     |  0.910      |
+---------------------+--------------+------+------+------------+-------------+
|  clk_50_0000MHzPLL0 |  BUFGMUX_X2Y3| No   |  286 |  0.547     |  1.394      |
+---------------------+--------------+------+------+------------+-------------+
|microblaze_0_debug_D |              |      |      |            |             |
|              bg_Clk |  BUFGMUX_X2Y2| No   |   59 |  0.062     |  0.909      |
+---------------------+--------------+------+------+------------+-------------+
|microblaze_0_debug_D |              |      |      |            |             |
|           bg_Update |         Local|      |   20 |  3.492     |  4.393      |
+---------------------+--------------+------+------+------------+-------------+

* Net Skew is the difference between the minimum and maximum routing
only delays for the net. Note this is different from Clock Skew which
is reported in TRCE timing report. Clock Skew is the difference between
the minimum and maximum path delays which includes logic delays.

Timing Score: 0 (Setup: 0, Hold: 0, Component Switching Limit: 0)

Number of Timing Constraints that were not applied: 1

Asterisk (*) preceding a constraint indicates it was not met.
   This may be due to a setup or hold violation.

----------------------------------------------------------------------------------------------------------
  Constraint                                |    Check    | Worst Case |  Best Case | Timing |   Timing   
                                            |             |    Slack   | Achievable | Errors |    Score   
----------------------------------------------------------------------------------------------------------
  TS_clock_generator_0_clock_generator_0_SI | SETUP       |     0.639ns|     9.361ns|       0|           0
  G_PLL0_CLKOUT0 = PERIOD TIMEGRP         " | HOLD        |     0.292ns|            |       0|           0
  clock_generator_0_clock_generator_0_SIG_P |             |            |            |        |            
  LL0_CLKOUT0" TS_sys_clk_pin         HIGH  |             |            |            |        |            
  50%                                       |             |            |            |        |            
----------------------------------------------------------------------------------------------------------
  TS_sys_clk_pin = PERIOD TIMEGRP "sys_clk_ | MINLOWPULSE |     6.666ns|     3.334ns|       0|           0
  pin" 100 MHz HIGH 50%                     |             |            |            |        |            
----------------------------------------------------------------------------------------------------------
  TS_axi4lite_0_SI0_sync_clock_conv_outboun | SETUP       |    12.005ns|     7.995ns|       0|           0
  d = MAXDELAY FROM TIMEGRP         "axi4li | HOLD        |     0.091ns|            |       0|           0
  te_0_SI0_clock_conv_otherclk_local" TO TI |             |            |            |        |            
  MEGRP         "axi4lite_0_SI0_clock_conv_ |             |            |            |        |            
  ACLK_global" 20 ns                        |             |            |            |        |            
----------------------------------------------------------------------------------------------------------
  TS_clock_generator_0_clock_generator_0_SI | SETUP       |    12.661ns|     7.339ns|       0|           0
  G_PLL0_CLKOUT1 = PERIOD TIMEGRP         " | HOLD        |     0.251ns|            |       0|           0
  clock_generator_0_clock_generator_0_SIG_P |             |            |            |        |            
  LL0_CLKOUT1" TS_sys_clk_pin         * 0.5 |             |            |            |        |            
   HIGH 50%                                 |             |            |            |        |            
----------------------------------------------------------------------------------------------------------
  TS_axi4lite_0_SI0_sync_clock_conv_intrans | SETUP       |    13.763ns|     6.237ns|       0|           0
   = MAXDELAY FROM TIMEGRP         "axi4lit | HOLD        |     0.110ns|            |       0|           0
  e_0_SI0_clock_conv_otherclk_global" TO TI |             |            |            |        |            
  MEGRP         "axi4lite_0_SI0_clock_conv_ |             |            |            |        |            
  ACLK_local" 20 ns                         |             |            |            |        |            
----------------------------------------------------------------------------------------------------------
  TS_axi4lite_0_SI0_sync_clock_conv_outtran | SETUP       |    14.864ns|     5.136ns|       0|           0
  s = MAXDELAY FROM TIMEGRP         "axi4li | HOLD        |     0.209ns|            |       0|           0
  te_0_SI0_clock_conv_ACLK_local" TO TIMEGR |             |            |            |        |            
  P         "axi4lite_0_SI0_clock_conv_othe |             |            |            |        |            
  rclk_global" 20 ns                        |             |            |            |        |            
----------------------------------------------------------------------------------------------------------
  TS_axi4lite_0_SI0_sync_clock_conv_inbound | SETUP       |    15.221ns|     4.779ns|       0|           0
   = MAXDELAY FROM TIMEGRP         "axi4lit | HOLD        |     0.071ns|            |       0|           0
  e_0_SI0_clock_conv_ACLK_global" TO TIMEGR |             |            |            |        |            
  P         "axi4lite_0_SI0_clock_conv_othe |             |            |            |        |            
  rclk_local" 20 ns                         |             |            |            |        |            
----------------------------------------------------------------------------------------------------------
  PATH "TS_TIG_microblaze_0_Reset_path" TIG | SETUP       |         N/A|     1.755ns|     N/A|           0
----------------------------------------------------------------------------------------------------------
  PATH "TS_axi4lite_0_reset_resync_path" TI | MAXDELAY    |         N/A|     4.605ns|     N/A|           0
  G                                         |             |            |            |        |            
----------------------------------------------------------------------------------------------------------
  PATH "TS_TIG_microblaze_0_dlmb_POR_FF_I_p | SETUP       |         N/A|     1.731ns|     N/A|           0
  ath" TIG                                  |             |            |            |        |            
----------------------------------------------------------------------------------------------------------
  PATH "TS_TIG_microblaze_0_ilmb_POR_FF_I_p | SETUP       |         N/A|     1.723ns|     N/A|           0
  ath" TIG                                  |             |            |            |        |            
----------------------------------------------------------------------------------------------------------


Derived Constraint Report
Review Timing Report for more details on the following derived constraints.
To create a Timing Report, run "trce -v 12 -fastpaths -o design_timing_report design.ncd design.pcf"
or "Run Timing Analysis" from Timing Analyzer (timingan).
Derived Constraints for TS_sys_clk_pin
+-------------------------------+-------------+-------------+-------------+-------------+-------------+-------------+-------------+
|                               |   Period    |       Actual Period       |      Timing Errors        |      Paths Analyzed       |
|           Constraint          | Requirement |-------------+-------------|-------------+-------------|-------------+-------------|
|                               |             |   Direct    | Derivative  |   Direct    | Derivative  |   Direct    | Derivative  |
+-------------------------------+-------------+-------------+-------------+-------------+-------------+-------------+-------------+
|TS_sys_clk_pin                 |     10.000ns|      3.334ns|      9.361ns|            0|            0|            0|       260509|
| TS_clock_generator_0_clock_gen|     20.000ns|      7.339ns|          N/A|            0|            0|         8430|            0|
| erator_0_SIG_PLL0_CLKOUT1     |             |             |             |             |             |             |             |
| TS_clock_generator_0_clock_gen|     10.000ns|      9.361ns|          N/A|            0|            0|       252079|            0|
| erator_0_SIG_PLL0_CLKOUT0     |             |             |             |             |             |             |             |
+-------------------------------+-------------+-------------+-------------+-------------+-------------+-------------+-------------+

All constraints were met.
INFO:Timing:2761 - N/A entries in the Constraints List may indicate that the 
   constraint is not analyzed due to the following: No paths covered by this 
   constraint; Other constraints intersect with this constraint; or This 
   constraint was disabled by a Path Tracing Control. Please run the Timespec 
   Interaction Report (TSI) via command line (trce tsi) or Timing Analyzer GUI.


Generating Pad Report.

All signals are completely routed.

WARNING:Par:283 - There are 18 loadless signals in this design. This design will cause Bitgen to issue DRC warnings.

Total REAL time to PAR completion: 33 secs 
Total CPU time to PAR completion: 29 secs 

Peak Memory Usage:  404 MB

Placer: Placement generated during map.
Routing: Completed - No errors found.
Timing: Completed - No errors found.

Number of error messages: 0
Number of warning messages: 20
Number of info messages: 1

Writing design to file system.ncd



PAR done!



#----------------------------------------------#
# Starting program post_par_trce
# trce -e 3 -xml system.twx system.ncd system.pcf 
#----------------------------------------------#
Release 13.1 - Trace  (nt64)
Copyright (c) 1995-2011 Xilinx, Inc.  All rights reserved.


PMSPEC -- Overriding Xilinx file
<D:/FPGA/Xilinx/13.1/ISE_DS/EDK/spartan6/data/spartan6.acd> with local file
<D:/FPGA/Xilinx/13.1/ISE_DS/ISE/spartan6/data/spartan6.acd>
Loading device for application Rf_Device from file '6slx16.nph' in environment
D:\FPGA\Xilinx\13.1\ISE_DS\ISE\;D:\FPGA\Xilinx\13.1\ISE_DS\EDK.
   "system" is an NCD, version 3.2, device xc6slx16, package csg324, speed -3
INFO:Timing:3386 - Intersecting Constraints found and resolved.  For more
   information, see the TSI report.  Please consult the Xilinx Command Line
   Tools User Guide for information on generating a TSI report.
--------------------------------------------------------------------------------
Release 13.1 Trace  (nt64)
Copyright (c) 1995-2011 Xilinx, Inc.  All rights reserved.

D:\FPGA\Xilinx\13.1\ISE_DS\ISE\bin\nt64\unwrapped\trce.exe -e 3 -xml system.twx
system.ncd system.pcf


Design file:              system.ncd
Physical constraint file: system.pcf
Device,speed:             xc6slx16,-3 (PRODUCTION 1.17 2011-02-03)
Report level:             error report
--------------------------------------------------------------------------------

INFO:Timing:2752 - To get complete path coverage, use the unconstrained paths option. All paths that are not constrained will be reported in
   the unconstrained paths section(s) of the report.
INFO:Timing:3339 - The clock-to-out numbers in this timing report are based on a 50 Ohm transmission line loading model.  For the details of
   this model, and for more information on accounting for different loading conditions, please see the device datasheet.


Timing summary:
---------------

Timing errors: 0  Score: 0 (Setup/Max: 0, Hold: 0)

Constraints cover 262004 paths, 0 nets, and 13309 connections

Design statistics:
   Minimum period:   9.361ns (Maximum frequency: 106.826MHz)
   Maximum path delay from/to any node:   7.995ns


Analysis completed Sun Apr 26 18:17:35 2015
--------------------------------------------------------------------------------

Generating Report ...

Number of warnings: 0
Number of info messages: 3
Total time: 9 secs 


