--------------------------------------------------------------------------------
Release 14.7 Trace  (nt64)
Copyright (c) 1995-2013 Xilinx, Inc.  All rights reserved.

C:\Xilinx\14.7\ISE_DS\ISE\bin\nt64\unwrapped\trce.exe -intstyle ise -v 3 -s 3
-n 3 -fastpaths -xml mul4_rom.twx mul4_rom.ncd -o mul4_rom.twr mul4_rom.pcf
-ucf mul4_rom.ucf

Design file:              mul4_rom.ncd
Physical constraint file: mul4_rom.pcf
Device,package,speed:     xc6slx16,csg324,C,-3 (PRODUCTION 1.23 2013-10-13)
Report level:             verbose report

Environment Variable      Effect 
--------------------      ------ 
NONE                      No environment variables were set
--------------------------------------------------------------------------------

INFO:Timing:2698 - No timing constraints found, doing default enumeration.
INFO:Timing:3412 - To improve timing, see the Timing Closure User Guide (UG612).
INFO:Timing:2752 - To get complete path coverage, use the unconstrained paths 
   option. All paths that are not constrained will be reported in the 
   unconstrained paths section(s) of the report.
INFO:Timing:3339 - The clock-to-out numbers in this timing report are based on 
   a 50 Ohm transmission line loading model.  For the details of this model, 
   and for more information on accounting for different loading conditions, 
   please see the device datasheet.



Data Sheet report:
-----------------
All values displayed in nanoseconds (ns)

Setup/Hold to clock clk
------------+------------+------------+------------+------------+------------------+--------+
            |Max Setup to|  Process   |Max Hold to |  Process   |                  | Clock  |
Source      | clk (edge) |   Corner   | clk (edge) |   Corner   |Internal Clock(s) | Phase  |
------------+------------+------------+------------+------------+------------------+--------+
mul<0>      |    1.003(R)|      SLOW  |   -0.032(R)|      SLOW  |clk_BUFGP         |   0.000|
mul<1>      |    1.133(R)|      SLOW  |   -0.182(R)|      SLOW  |clk_BUFGP         |   0.000|
mul<2>      |    1.168(R)|      SLOW  |   -0.233(R)|      SLOW  |clk_BUFGP         |   0.000|
mul<3>      |    1.610(R)|      SLOW  |   -0.323(R)|      SLOW  |clk_BUFGP         |   0.000|
mul<4>      |    1.133(R)|      SLOW  |   -0.044(R)|      SLOW  |clk_BUFGP         |   0.000|
mul<5>      |    1.131(R)|      SLOW  |   -0.156(R)|      SLOW  |clk_BUFGP         |   0.000|
mul<6>      |    1.609(R)|      SLOW  |   -0.319(R)|      SLOW  |clk_BUFGP         |   0.000|
mul<7>      |    1.634(R)|      SLOW  |   -0.540(R)|      SLOW  |clk_BUFGP         |   0.000|
------------+------------+------------+------------+------------+------------------+--------+

Clock clk to Pad
------------+-----------------+------------+-----------------+------------+------------------+--------+
            |Max (slowest) clk|  Process   |Min (fastest) clk|  Process   |                  | Clock  |
Destination |  (edge) to PAD  |   Corner   |  (edge) to PAD  |   Corner   |Internal Clock(s) | Phase  |
------------+-----------------+------------+-----------------+------------+------------------+--------+
mul_r<0>    |         8.447(R)|      SLOW  |         4.164(R)|      FAST  |clk_BUFGP         |   0.000|
mul_r<1>    |         8.461(R)|      SLOW  |         4.148(R)|      FAST  |clk_BUFGP         |   0.000|
mul_r<2>    |         8.237(R)|      SLOW  |         4.030(R)|      FAST  |clk_BUFGP         |   0.000|
mul_r<3>    |         8.375(R)|      SLOW  |         4.127(R)|      FAST  |clk_BUFGP         |   0.000|
mul_r<4>    |         8.756(R)|      SLOW  |         4.772(R)|      FAST  |clk_BUFGP         |   0.000|
mul_r<5>    |         8.729(R)|      SLOW  |         4.761(R)|      FAST  |clk_BUFGP         |   0.000|
mul_r<6>    |         8.730(R)|      SLOW  |         4.804(R)|      FAST  |clk_BUFGP         |   0.000|
mul_r<7>    |         8.822(R)|      SLOW  |         4.842(R)|      FAST  |clk_BUFGP         |   0.000|
------------+-----------------+------------+-----------------+------------+------------------+--------+


Analysis completed Sat Jun 11 17:01:05 2016 
--------------------------------------------------------------------------------

Trace Settings:
-------------------------
Trace Settings 

Peak Memory Usage: 223 MB



